This is pdfTeX, Version 3.14159265-2.6-1.40.18 (TeX Live 2017) (preloaded format=pdflatex 2018.1.8)  4 JUL 2018 00:22
entering extended mode
 restricted \write18 enabled.
 file:line:error style messages enabled.
 %&-line parsing enabled.
**StaMPS_Manual.tex
(./StaMPS_Manual.tex
LaTeX2e <2017-04-15>
Babel <3.10> and hyphenation patterns for 84 language(s) loaded.
(/usr/local/texlive/2017/texmf-dist/tex/latex/base/report.cls
Document Class: report 2014/09/29 v1.4h Standard LaTeX document class
(/usr/local/texlive/2017/texmf-dist/tex/latex/base/fleqn.clo
File: fleqn.clo 2016/12/29 v1.2a Standard LaTeX option (flush left equations)
\mathindent=\dimen102
Applying: [2015/01/01] Make \[ robust on input line 50.
LaTeX Info: Redefining \[ on input line 51.
Already applied: [0000/00/00] Make \[ robust on input line 62.
Applying: [2015/01/01] Make \] robust on input line 74.
LaTeX Info: Redefining \] on input line 75.
Already applied: [0000/00/00] Make \] robust on input line 83.
)
(/usr/local/texlive/2017/texmf-dist/tex/latex/base/size11.clo
File: size11.clo 2014/09/29 v1.4h Standard LaTeX file (size option)
)
\c@part=\count79
\c@chapter=\count80
\c@section=\count81
\c@subsection=\count82
\c@subsubsection=\count83
\c@paragraph=\count84
\c@subparagraph=\count85
\c@figure=\count86
\c@table=\count87
\abovecaptionskip=\skip41
\belowcaptionskip=\skip42
\bibindent=\dimen103
)
(/usr/local/texlive/2017/texmf-dist/tex/latex/psnfss/helvet.sty
Package: helvet 2005/04/12 PSNFSS-v9.2a (WaS) 

(/usr/local/texlive/2017/texmf-dist/tex/latex/graphics/keyval.sty
Package: keyval 2014/10/28 v1.15 key=value parser (DPC)
\KV@toks@=\toks14
))
(/usr/local/texlive/2017/texmf-dist/tex/latex/listings/listings.sty
\lst@mode=\count88
\lst@gtempboxa=\box26
\lst@token=\toks15
\lst@length=\count89
\lst@currlwidth=\dimen104
\lst@column=\count90
\lst@pos=\count91
\lst@lostspace=\dimen105
\lst@width=\dimen106
\lst@newlines=\count92
\lst@lineno=\count93
\lst@maxwidth=\dimen107

(/usr/local/texlive/2017/texmf-dist/tex/latex/listings/lstmisc.sty
File: lstmisc.sty 2015/06/04 1.6 (Carsten Heinz)
\c@lstnumber=\count94
\lst@skipnumbers=\count95
\lst@framebox=\box27
)
(/usr/local/texlive/2017/texmf-dist/tex/latex/listings/listings.cfg
File: listings.cfg 2015/06/04 1.6 listings configuration
))
Package: listings 2015/06/04 1.6 (Carsten Heinz)

(/usr/local/texlive/2017/texmf-dist/tex/latex/amsmath/amsmath.sty
Package: amsmath 2016/11/05 v2.16a AMS math features
\@mathmargin=\skip43

For additional information on amsmath, use the `?' option.
(/usr/local/texlive/2017/texmf-dist/tex/latex/amsmath/amstext.sty
Package: amstext 2000/06/29 v2.01 AMS text

(/usr/local/texlive/2017/texmf-dist/tex/latex/amsmath/amsgen.sty
File: amsgen.sty 1999/11/30 v2.0 generic functions
\@emptytoks=\toks16
\ex@=\dimen108
))
(/usr/local/texlive/2017/texmf-dist/tex/latex/amsmath/amsbsy.sty
Package: amsbsy 1999/11/29 v1.2d Bold Symbols
\pmbraise@=\dimen109
)
(/usr/local/texlive/2017/texmf-dist/tex/latex/amsmath/amsopn.sty
Package: amsopn 2016/03/08 v2.02 operator names
)
\inf@bad=\count96
LaTeX Info: Redefining \frac on input line 213.
\uproot@=\count97
\leftroot@=\count98
LaTeX Info: Redefining \overline on input line 375.
\classnum@=\count99
\DOTSCASE@=\count100
LaTeX Info: Redefining \ldots on input line 472.
LaTeX Info: Redefining \dots on input line 475.
LaTeX Info: Redefining \cdots on input line 596.
\Mathstrutbox@=\box28
\strutbox@=\box29
\big@size=\dimen110
LaTeX Font Info:    Redeclaring font encoding OML on input line 712.
LaTeX Font Info:    Redeclaring font encoding OMS on input line 713.
\macc@depth=\count101
\c@MaxMatrixCols=\count102
\dotsspace@=\muskip10
\c@parentequation=\count103
\dspbrk@lvl=\count104
\tag@help=\toks17
\row@=\count105
\column@=\count106
\maxfields@=\count107
\andhelp@=\toks18
\eqnshift@=\dimen111
\alignsep@=\dimen112
\tagshift@=\dimen113
\tagwidth@=\dimen114
\totwidth@=\dimen115
\lineht@=\dimen116
\@envbody=\toks19
\multlinegap=\skip44
\multlinetaggap=\skip45
\mathdisplay@stack=\toks20
LaTeX Info: Redefining \[ on input line 2817.
LaTeX Info: Redefining \] on input line 2818.
)
(/usr/local/texlive/2017/texmf-dist/tex/latex/amsfonts/amssymb.sty
Package: amssymb 2013/01/14 v3.01 AMS font symbols

(/usr/local/texlive/2017/texmf-dist/tex/latex/amsfonts/amsfonts.sty
Package: amsfonts 2013/01/14 v3.01 Basic AMSFonts support
\symAMSa=\mathgroup4
\symAMSb=\mathgroup5
LaTeX Font Info:    Overwriting math alphabet `\mathfrak' in version `bold'
(Font)                  U/euf/m/n --> U/euf/b/n on input line 106.
))
(/usr/local/texlive/2017/texmf-dist/tex/latex/graphics/graphics.sty
Package: graphics 2017/04/14 v1.1b Standard LaTeX Graphics (DPC,SPQR)

(/usr/local/texlive/2017/texmf-dist/tex/latex/graphics/trig.sty
Package: trig 2016/01/03 v1.10 sin cos tan (DPC)
)
(/usr/local/texlive/2017/texmf-dist/tex/latex/graphics-cfg/graphics.cfg
File: graphics.cfg 2016/06/04 v1.11 sample graphics configuration
)
Package graphics Info: Driver file: pdftex.def on input line 99.

(/usr/local/texlive/2017/texmf-dist/tex/latex/graphics-def/pdftex.def
File: pdftex.def 2017/01/12 v0.06k Graphics/color for pdfTeX

(/usr/local/texlive/2017/texmf-dist/tex/generic/oberdiek/infwarerr.sty
Package: infwarerr 2016/05/16 v1.4 Providing info/warning/error messages (HO)
)
(/usr/local/texlive/2017/texmf-dist/tex/generic/oberdiek/ltxcmds.sty
Package: ltxcmds 2016/05/16 v1.23 LaTeX kernel commands for general use (HO)
)
\Gread@gobject=\count108
))
(/usr/local/texlive/2017/texmf-dist/tex/latex/tools/tabularx.sty
Package: tabularx 2016/02/03 v2.11 `tabularx' package (DPC)

(/usr/local/texlive/2017/texmf-dist/tex/latex/tools/array.sty
Package: array 2016/10/06 v2.4d Tabular extension package (FMi)
\col@sep=\dimen117
\extrarowheight=\dimen118
\NC@list=\toks21
\extratabsurround=\skip46
\backup@length=\skip47
)
\TX@col@width=\dimen119
\TX@old@table=\dimen120
\TX@old@col=\dimen121
\TX@target=\dimen122
\TX@delta=\dimen123
\TX@cols=\count109
\TX@ftn=\toks22
)
(/usr/local/texlive/2017/texmf-dist/tex/latex/booktabs/booktabs.sty
Package: booktabs 2016/04/27 v1.618033 publication quality tables
\heavyrulewidth=\dimen124
\lightrulewidth=\dimen125
\cmidrulewidth=\dimen126
\belowrulesep=\dimen127
\belowbottomsep=\dimen128
\aboverulesep=\dimen129
\abovetopsep=\dimen130
\cmidrulesep=\dimen131
\cmidrulekern=\dimen132
\defaultaddspace=\dimen133
\@cmidla=\count110
\@cmidlb=\count111
\@aboverulesep=\dimen134
\@belowrulesep=\dimen135
\@thisruleclass=\count112
\@lastruleclass=\count113
\@thisrulewidth=\dimen136
)
(/usr/local/texlive/2017/texmf-dist/tex/latex/graphics/lscape.sty
Package: lscape 2000/10/22 v3.01 Landscape Pages (DPC)
)
(/usr/local/texlive/2017/texmf-dist/tex/latex/graphics/rotating.sty
Package: rotating 2016/08/11 v2.16d rotated objects in LaTeX

(/usr/local/texlive/2017/texmf-dist/tex/latex/graphics/graphicx.sty
Package: graphicx 2014/10/28 v1.0g Enhanced LaTeX Graphics (DPC,SPQR)
\Gin@req@height=\dimen137
\Gin@req@width=\dimen138
)
(/usr/local/texlive/2017/texmf-dist/tex/latex/base/ifthen.sty
Package: ifthen 2014/09/29 v1.1c Standard LaTeX ifthen package (DPC)
)
\c@r@tfl@t=\count114
\rotFPtop=\skip48
\rotFPbot=\skip49
\rot@float@box=\box30
\rot@mess@toks=\toks23
)
(/usr/local/texlive/2017/texmf-dist/tex/latex/psfrag/psfrag.sty
Package: psfrag 1998/04/11 v3.04 PSfrag (MCG)
\pfg@pcount=\count115
\pfg@scount=\count116
\pfg@temp=\write3
)
(/usr/local/texlive/2017/texmf-dist/tex/generic/babel/babel.sty
Package: babel 2017/05/19 3.10 The Babel package

(/usr/local/texlive/2017/texmf-dist/tex/generic/babel-english/english.ldf
Language: english 2017/01/24 v3.3q English support from the babel system

(/usr/local/texlive/2017/texmf-dist/tex/generic/babel/babel.def
File: babel.def 2017/05/19 3.10 Babel common definitions
\babel@savecnt=\count117
\U@D=\dimen139
)
\l@canadian = a dialect from \language\l@american 
\l@australian = a dialect from \language\l@british 
\l@newzealand = a dialect from \language\l@british 
))
(/usr/local/texlive/2017/texmf-dist/tex/latex/base/latexsym.sty
Package: latexsym 1998/08/17 v2.2e Standard LaTeX package (lasy symbols)
\symlasy=\mathgroup6
LaTeX Font Info:    Overwriting symbol font `lasy' in version `bold'
(Font)                  U/lasy/m/n --> U/lasy/b/n on input line 52.
)
(/usr/local/texlive/2017/texmf-dist/tex/latex/natbib/natbib.sty
Package: natbib 2010/09/13 8.31b (PWD, AO)
\bibhang=\skip50
\bibsep=\skip51
LaTeX Info: Redefining \cite on input line 694.
\c@NAT@ctr=\count118
)
(/usr/local/texlive/2017/texmf-dist/tex/latex/hyperref/hyperref.sty
Package: hyperref 2017/03/14 v6.85a Hypertext links for LaTeX

(/usr/local/texlive/2017/texmf-dist/tex/generic/oberdiek/hobsub-hyperref.sty
Package: hobsub-hyperref 2016/05/16 v1.14 Bundle oberdiek, subset hyperref (HO)


(/usr/local/texlive/2017/texmf-dist/tex/generic/oberdiek/hobsub-generic.sty
Package: hobsub-generic 2016/05/16 v1.14 Bundle oberdiek, subset generic (HO)
Package: hobsub 2016/05/16 v1.14 Construct package bundles (HO)
Package hobsub Info: Skipping package `infwarerr' (already loaded).
Package hobsub Info: Skipping package `ltxcmds' (already loaded).
Package: ifluatex 2016/05/16 v1.4 Provides the ifluatex switch (HO)
Package ifluatex Info: LuaTeX not detected.
Package: ifvtex 2016/05/16 v1.6 Detect VTeX and its facilities (HO)
Package ifvtex Info: VTeX not detected.
Package: intcalc 2016/05/16 v1.2 Expandable calculations with integers (HO)
Package: ifpdf 2017/03/15 v3.2 Provides the ifpdf switch
Package: etexcmds 2016/05/16 v1.6 Avoid name clashes with e-TeX commands (HO)
Package etexcmds Info: Could not find \expanded.
(etexcmds)             That can mean that you are not using pdfTeX 1.50 or
(etexcmds)             that some package has redefined \expanded.
(etexcmds)             In the latter case, load this package earlier.
Package: kvsetkeys 2016/05/16 v1.17 Key value parser (HO)
Package: kvdefinekeys 2016/05/16 v1.4 Define keys (HO)
Package: pdftexcmds 2017/03/19 v0.25 Utility functions of pdfTeX for LuaTeX (HO
)
Package pdftexcmds Info: LuaTeX not detected.
Package pdftexcmds Info: \pdf@primitive is available.
Package pdftexcmds Info: \pdf@ifprimitive is available.
Package pdftexcmds Info: \pdfdraftmode found.
Package: pdfescape 2016/05/16 v1.14 Implements pdfTeX's escape features (HO)
Package: bigintcalc 2016/05/16 v1.4 Expandable calculations on big integers (HO
)
Package: bitset 2016/05/16 v1.2 Handle bit-vector datatype (HO)
Package: uniquecounter 2016/05/16 v1.3 Provide unlimited unique counter (HO)
)
Package hobsub Info: Skipping package `hobsub' (already loaded).
Package: letltxmacro 2016/05/16 v1.5 Let assignment for LaTeX macros (HO)
Package: hopatch 2016/05/16 v1.3 Wrapper for package hooks (HO)
Package: xcolor-patch 2016/05/16 xcolor patch
Package: atveryend 2016/05/16 v1.9 Hooks at the very end of document (HO)
Package atveryend Info: \enddocument detected (standard20110627).
Package: atbegshi 2016/06/09 v1.18 At begin shipout hook (HO)
Package: refcount 2016/05/16 v3.5 Data extraction from label references (HO)
Package: hycolor 2016/05/16 v1.8 Color options for hyperref/bookmark (HO)
)
(/usr/local/texlive/2017/texmf-dist/tex/generic/ifxetex/ifxetex.sty
Package: ifxetex 2010/09/12 v0.6 Provides ifxetex conditional
)
(/usr/local/texlive/2017/texmf-dist/tex/latex/oberdiek/auxhook.sty
Package: auxhook 2016/05/16 v1.4 Hooks for auxiliary files (HO)
)
(/usr/local/texlive/2017/texmf-dist/tex/latex/oberdiek/kvoptions.sty
Package: kvoptions 2016/05/16 v3.12 Key value format for package options (HO)
)
\@linkdim=\dimen140
\Hy@linkcounter=\count119
\Hy@pagecounter=\count120

(/usr/local/texlive/2017/texmf-dist/tex/latex/hyperref/pd1enc.def
File: pd1enc.def 2017/03/14 v6.85a Hyperref: PDFDocEncoding definition (HO)
)
\Hy@SavedSpaceFactor=\count121

(/usr/local/texlive/2017/texmf-dist/tex/latex/latexconfig/hyperref.cfg
File: hyperref.cfg 2002/06/06 v1.2 hyperref configuration of TeXLive
)
Package hyperref Info: Option `bookmarks' set `true' on input line 4374.
Package hyperref Info: Option `pdfpagelabels' set `true' on input line 4374.
Package hyperref Info: Option `colorlinks' set `false' on input line 4374.
Package hyperref Info: Hyper figures OFF on input line 4498.
Package hyperref Info: Link nesting OFF on input line 4503.
Package hyperref Info: Hyper index ON on input line 4506.
Package hyperref Info: Plain pages OFF on input line 4513.
Package hyperref Info: Backreferencing ON on input line 4516.
Package hyperref Info: Implicit mode ON; LaTeX internals redefined.
Package hyperref Info: Bookmarks ON on input line 4751.

(/usr/local/texlive/2017/texmf-dist/tex/latex/hyperref/backref.sty
Package: backref 2016/05/21 v1.39 Bibliographical back referencing

(/usr/local/texlive/2017/texmf-dist/tex/latex/oberdiek/rerunfilecheck.sty
Package: rerunfilecheck 2016/05/16 v1.8 Rerun checks for auxiliary files (HO)
Package uniquecounter Info: New unique counter `rerunfilecheck' on input line 2
82.
))
\c@Hy@tempcnt=\count122

(/usr/local/texlive/2017/texmf-dist/tex/latex/url/url.sty
\Urlmuskip=\muskip11
Package: url 2013/09/16  ver 3.4  Verb mode for urls, etc.
)
LaTeX Info: Redefining \url on input line 5104.
\XeTeXLinkMargin=\dimen141
\Fld@menulength=\count123
\Field@Width=\dimen142
\Fld@charsize=\dimen143
Package hyperref Info: Hyper figures OFF on input line 6358.
Package hyperref Info: Link nesting OFF on input line 6363.
Package hyperref Info: Hyper index ON on input line 6366.
Package hyperref Info: backreferencing ON on input line 6371.
Package hyperref Info: Link coloring OFF on input line 6378.
Package hyperref Info: Link coloring with OCG OFF on input line 6383.
Package hyperref Info: PDF/A mode OFF on input line 6388.
LaTeX Info: Redefining \ref on input line 6428.
LaTeX Info: Redefining \pageref on input line 6432.
\Hy@abspage=\count124
\c@Item=\count125
\c@Hfootnote=\count126
)

Package hyperref Message: Driver (autodetected): hpdftex.

(/usr/local/texlive/2017/texmf-dist/tex/latex/hyperref/hpdftex.def
File: hpdftex.def 2017/03/14 v6.85a Hyperref driver for pdfTeX
\Fld@listcount=\count127
\c@bookmark@seq@number=\count128
\Hy@SectionHShift=\skip52
)
(/usr/local/texlive/2017/texmf-dist/tex/latex/graphics/color.sty
Package: color 2016/07/10 v1.1e Standard LaTeX Color (DPC)

(/usr/local/texlive/2017/texmf-dist/tex/latex/graphics-cfg/color.cfg
File: color.cfg 2016/01/02 v1.6 sample color configuration
)
Package color Info: Driver file: pdftex.def on input line 147.
)
(/usr/local/texlive/2017/texmf-dist/tex/latex/geometry/geometry.sty
Package: geometry 2010/09/12 v5.6 Page Geometry
\Gm@cnth=\count129
\Gm@cntv=\count130
\c@Gm@tempcnt=\count131
\Gm@bindingoffset=\dimen144
\Gm@wd@mp=\dimen145
\Gm@odd@mp=\dimen146
\Gm@even@mp=\dimen147
\Gm@layoutwidth=\dimen148
\Gm@layoutheight=\dimen149
\Gm@layouthoffset=\dimen150
\Gm@layoutvoffset=\dimen151
\Gm@dimlist=\toks24
)
\MY=\skip53
LaTeX Font Info:    Try loading font information for OT1+phv on input line 212.


(/usr/local/texlive/2017/texmf-dist/tex/latex/psnfss/ot1phv.fd
File: ot1phv.fd 2001/06/04 scalable font definitions for OT1/phv.
)
LaTeX Font Info:    Font shape `OT1/phv/m/n' will be
(Font)              scaled to size 10.40245pt on input line 212.

(/usr/local/texlive/2017/texmf-dist/tex/latex/titlesec/titlesec.sty
Package: titlesec 2016/03/21 v2.10.2 Sectioning titles
\ttl@box=\box31
\beforetitleunit=\skip54
\aftertitleunit=\skip55
\ttl@plus=\dimen152
\ttl@minus=\dimen153
\ttl@toksa=\toks25
\titlewidth=\dimen154
\titlewidthlast=\dimen155
\titlewidthfirst=\dimen156
)
(./StaMPS_Manual.aux)
\openout1 = `StaMPS_Manual.aux'.

LaTeX Font Info:    Checking defaults for OML/cmm/m/it on input line 224.
LaTeX Font Info:    ... okay on input line 224.
LaTeX Font Info:    Checking defaults for T1/cmr/m/n on input line 224.
LaTeX Font Info:    ... okay on input line 224.
LaTeX Font Info:    Checking defaults for OT1/cmr/m/n on input line 224.
LaTeX Font Info:    ... okay on input line 224.
LaTeX Font Info:    Checking defaults for OMS/cmsy/m/n on input line 224.
LaTeX Font Info:    ... okay on input line 224.
LaTeX Font Info:    Checking defaults for OMX/cmex/m/n on input line 224.
LaTeX Font Info:    ... okay on input line 224.
LaTeX Font Info:    Checking defaults for U/cmr/m/n on input line 224.
LaTeX Font Info:    ... okay on input line 224.
LaTeX Font Info:    Checking defaults for PD1/pdf/m/n on input line 224.
LaTeX Font Info:    ... okay on input line 224.
\c@lstlisting=\count132

(/usr/local/texlive/2017/texmf-dist/tex/context/base/mkii/supp-pdf.mkii
[Loading MPS to PDF converter (version 2006.09.02).]
\scratchcounter=\count133
\scratchdimen=\dimen157
\scratchbox=\box32
\nofMPsegments=\count134
\nofMParguments=\count135
\everyMPshowfont=\toks26
\MPscratchCnt=\count136
\MPscratchDim=\dimen158
\MPnumerator=\count137
\makeMPintoPDFobject=\count138
\everyMPtoPDFconversion=\toks27
) (/usr/local/texlive/2017/texmf-dist/tex/latex/oberdiek/epstopdf-base.sty
Package: epstopdf-base 2016/05/15 v2.6 Base part for package epstopdf

(/usr/local/texlive/2017/texmf-dist/tex/latex/oberdiek/grfext.sty
Package: grfext 2016/05/16 v1.2 Manage graphics extensions (HO)
)
Package epstopdf-base Info: Redefining graphics rule for `.eps' on input line 4
38.
Package grfext Info: Graphics extension search list:
(grfext)             [.png,.pdf,.jpg,.mps,.jpeg,.jbig2,.jb2,.PNG,.PDF,.JPG,.JPE
G,.JBIG2,.JB2,.eps]
(grfext)             \AppendGraphicsExtensions on input line 456.

(/usr/local/texlive/2017/texmf-dist/tex/latex/latexconfig/epstopdf-sys.cfg
File: epstopdf-sys.cfg 2010/07/13 v1.3 Configuration of (r)epstopdf for TeX Liv
e
))
\AtBeginShipoutBox=\box33
Package backref Info: ** backref set up for natbib ** on input line 224.
Package hyperref Info: Link coloring OFF on input line 224.

(/usr/local/texlive/2017/texmf-dist/tex/latex/hyperref/nameref.sty
Package: nameref 2016/05/21 v2.44 Cross-referencing by name of section

(/usr/local/texlive/2017/texmf-dist/tex/generic/oberdiek/gettitlestring.sty
Package: gettitlestring 2016/05/16 v1.5 Cleanup title references (HO)
)
\c@section@level=\count139
)
LaTeX Info: Redefining \ref on input line 224.
LaTeX Info: Redefining \pageref on input line 224.
LaTeX Info: Redefining \nameref on input line 224.

(./StaMPS_Manual.out) (./StaMPS_Manual.out)
\@outlinefile=\write4
\openout4 = `StaMPS_Manual.out'.


*geometry* driver: auto-detecting
*geometry* detected driver: pdftex
*geometry* verbose mode - [ preamble ] result:
* driver: pdftex
* paper: <default>
* layout: <same size as paper>
* layoutoffset:(h,v)=(0.0pt,0.0pt)
* modes: twoside 
* h-part:(L,W,R)=(85.35826pt, 457.80486pt, 71.13188pt)
* v-part:(T,H,B)=(85.35826pt, 652.70622pt, 56.9055pt)
* \paperwidth=614.295pt
* \paperheight=794.96999pt
* \textwidth=457.80486pt
* \textheight=652.70622pt
* \oddsidemargin=13.08827pt
* \evensidemargin=-1.1381pt
* \topmargin=-23.91173pt
* \headheight=12.0pt
* \headsep=25.0pt
* \topskip=11.0pt
* \footskip=30.0pt
* \marginparwidth=113.0pt
* \marginparsep=10.0pt
* \columnsep=10.0pt
* \skip\footins=10.0pt plus 4.0pt minus 2.0pt
* \hoffset=0.0pt
* \voffset=0.0pt
* \mag=1000
* \@twocolumnfalse
* \@twosidetrue
* \@mparswitchtrue
* \@reversemarginfalse
* (1in=72.27pt=25.4mm, 1cm=28.453pt)

(/usr/local/texlive/2017/texmf-dist/tex/latex/listings/lstlang1.sty
File: lstlang1.sty 2015/06/04 1.6 listings language file
)
(/usr/local/texlive/2017/texmf-dist/tex/latex/listings/lstlang1.sty
File: lstlang1.sty 2015/06/04 1.6 listings language file
)
(/usr/local/texlive/2017/texmf-dist/tex/latex/listings/lstmisc.sty
File: lstmisc.sty 2015/06/04 1.6 (Carsten Heinz)
)
LaTeX Font Info:    Font shape `OT1/phv/m/n' will be
(Font)              scaled to size 23.63593pt on input line 256.
LaTeX Font Info:    Font shape `OT1/phv/bx/n' in size <24.88> not available
(Font)              Font shape `OT1/phv/b/n' tried instead on input line 256.
LaTeX Font Info:    Font shape `OT1/phv/b/n' will be
(Font)              scaled to size 23.63593pt on input line 256.
LaTeX Font Info:    Font shape `OT1/phv/bx/sc' in size <24.88> not available
(Font)              Font shape `OT1/phv/b/sc' tried instead on input line 256.
LaTeX Font Info:    Font shape `OT1/phv/b/sc' will be
(Font)              scaled to size 23.63593pt on input line 256.
LaTeX Font Info:    Font shape `OT1/phv/m/n' will be
(Font)              scaled to size 13.67995pt on input line 262.
LaTeX Font Info:    Font shape `OT1/phv/bx/n' in size <14.4> not available
(Font)              Font shape `OT1/phv/b/n' tried instead on input line 262.
LaTeX Font Info:    Font shape `OT1/phv/b/n' will be
(Font)              scaled to size 13.67995pt on input line 262.
Package epstopdf Info: Source file: <./figs/title3.eps>
(epstopdf)                    date: 2018-06-15 14:25:09
(epstopdf)                    size: 2875878 bytes
(epstopdf)             Output file: <./figs/title3-eps-converted-to.pdf>
(epstopdf)                    date: 2018-06-28 10:46:31
(epstopdf)                    size: 1377723 bytes
(epstopdf)             Command: <repstopdf --outfile=./figs/title3-eps-converte
d-to.pdf ./figs/title3.eps>
(epstopdf)             \includegraphics on input line 269.
Package epstopdf Info: Output file is already uptodate.

<./figs/title3-eps-converted-to.pdf, id=269, 332.24126pt x 266.9975pt>
File: ./figs/title3-eps-converted-to.pdf Graphic file (type pdf)

<use ./figs/title3-eps-converted-to.pdf>
Package pdftex.def Info: ./figs/title3-eps-converted-to.pdf used on input line 
269.
(pdftex.def)             Requested size: 389.13692pt x 312.74023pt.
LaTeX Font Info:    Font shape `OT1/phv/bx/n' in size <10.95> not available
(Font)              Font shape `OT1/phv/b/n' tried instead on input line 275.
LaTeX Font Info:    Font shape `OT1/phv/b/n' will be
(Font)              scaled to size 10.40245pt on input line 275.
Package epstopdf Info: Source file: <./figs/Leeds_University_logo.eps>
(epstopdf)                    date: 2018-06-15 14:25:09
(epstopdf)                    size: 12757 bytes
(epstopdf)             Output file: <./figs/Leeds_University_logo-eps-converted
-to.pdf>
(epstopdf)                    date: 2018-06-28 10:46:31
(epstopdf)                    size: 6687 bytes
(epstopdf)             Command: <repstopdf --outfile=./figs/Leeds_University_lo
go-eps-converted-to.pdf ./figs/Leeds_University_logo.eps>
(epstopdf)             \includegraphics on input line 287.
Package epstopdf Info: Output file is already uptodate.

<./figs/Leeds_University_logo-eps-converted-to.pdf, id=270, 281.05pt x 81.30376
pt>
File: ./figs/Leeds_University_logo-eps-converted-to.pdf Graphic file (type pdf)

 <use ./figs/Leeds_University_logo-eps-converted-to.pdf>
Package pdftex.def Info: ./figs/Leeds_University_logo-eps-converted-to.pdf used
 on input line 287.
(pdftex.def)             Requested size: 137.34285pt x 39.73125pt.

Overfull \hbox (3.2664pt too wide) in paragraph at lines 286--297
[][] [] 
 []

[1
Non-PDF special ignored!

{/usr/local/texlive/2017/texmf-var/fonts/map/pdftex/updmap/pdftex.map} <./figs/
title3-eps-converted-to.pdf> <./figs/Leeds_University_logo-eps-converted-to.pdf
>] (./StaMPS_Manual.toc
LaTeX Font Info:    Try loading font information for U+msa on input line 3.

(/usr/local/texlive/2017/texmf-dist/tex/latex/amsfonts/umsa.fd
File: umsa.fd 2013/01/14 v3.01 AMS symbols A
)
LaTeX Font Info:    Try loading font information for U+msb on input line 3.

(/usr/local/texlive/2017/texmf-dist/tex/latex/amsfonts/umsb.fd
File: umsb.fd 2013/01/14 v3.01 AMS symbols B
)
LaTeX Font Info:    Try loading font information for U+lasy on input line 3.

(/usr/local/texlive/2017/texmf-dist/tex/latex/base/ulasy.fd
File: ulasy.fd 1998/08/17 v2.2e LaTeX symbol font definitions
) [1

])
\tf@toc=\write5
\openout5 = `StaMPS_Manual.toc'.

LaTeX Font Info:    Font shape `OT1/phv/m/sl' will be
(Font)              scaled to size 10.40245pt on input line 310.
 [2]
Chapter 1.
LaTeX Font Info:    Font shape `OT1/phv/m/n' will be
(Font)              scaled to size 19.70294pt on input line 335.
LaTeX Font Info:    Font shape `OT1/phv/bx/n' in size <20.74> not available
(Font)              Font shape `OT1/phv/b/n' tried instead on input line 335.
LaTeX Font Info:    Font shape `OT1/phv/b/n' will be
(Font)              scaled to size 19.70294pt on input line 335.
LaTeX Font Info:    Try loading font information for OT1+pcr on input line 337.

(/usr/local/texlive/2017/texmf-dist/tex/latex/psnfss/ot1pcr.fd
File: ot1pcr.fd 2001/06/04 font definitions for OT1/pcr.
)
Underfull \hbox (badness 10000) in paragraph at lines 337--338

 []

LaTeX Font Info:    Font shape `OT1/phv/m/it' in size <10.95> not available
(Font)              Font shape `OT1/phv/m/sl' tried instead on input line 339.
LaTeX Font Info:    Font shape `OT1/phv/m/sl' will be
(Font)              scaled to size 10.40245pt on input line 339.

Underfull \hbox (badness 10000) in paragraph at lines 357--359

 []


Underfull \vbox (badness 10000) has occurred while \output is active []

pdfTeX warning (ext4): destination with the same identifier (name{page.1}) has 
been already used, duplicate ignored
<to be read again> 
                   \relax 
l.359 
       [1

]
LaTeX Font Info:    Font shape `OT1/phv/m/n' will be
(Font)              scaled to size 11.39996pt on input line 360.
LaTeX Font Info:    Font shape `OT1/phv/bx/n' in size <12> not available
(Font)              Font shape `OT1/phv/b/n' tried instead on input line 360.
LaTeX Font Info:    Font shape `OT1/phv/b/n' will be
(Font)              scaled to size 11.39996pt on input line 360.
 [2]
Chapter 2.

Underfull \vbox (badness 10000) has occurred while \output is active []

 [3

]
Underfull \hbox (badness 10000) in paragraph at lines 433--434

 []

[4] [5]
Chapter 3.
[6

]
LaTeX Font Info:    Try loading font information for OMS+phv on input line 516.

 (/usr/local/texlive/2017/texmf-dist/tex/latex/psnfss/omsphv.fd
File: omsphv.fd 
)
LaTeX Font Info:    Font shape `OMS/phv/m/n' in size <10.95> not available
(Font)              Font shape `OMS/cmsy/m/n' tried instead on input line 516.
 [7]
[8]
Underfull \hbox (badness 5519) in paragraph at lines 579--580
\OT1/phv/m/n/10.95 Al-ter-na-tively, one can en-ter []\OT1/pcr/m/n/10.95 grep B
perp */coreg.out[] \OT1/phv/m/n/10.95 in the \OT1/pcr/m/n/10.95 INSAR[][]master
[]date[]
 []


Underfull \vbox (badness 10000) has occurred while \output is active []

 [9]
LaTeX Font Info:    Font shape `OT1/phv/m/n' will be
(Font)              scaled to size 9.49997pt on input line 633.
LaTeX Font Info:    Font shape `OT1/phv/bx/n' in size <10> not available
(Font)              Font shape `OT1/phv/b/n' tried instead on input line 633.
LaTeX Font Info:    Font shape `OT1/phv/b/n' will be
(Font)              scaled to size 9.49997pt on input line 633.

Underfull \hbox (badness 10000) in paragraph at lines 657--664
[][]\OT1/pcr/m/n/10.95 step[]slc[]alos[]\OT1/phv/m/n/10.95 , []\OT1/pcr/m/n/10.
95 step[]slc[]ers[]\OT1/phv/m/n/10.95 , []\OT1/pcr/m/n/10.95 step[]slc[]ers[]en
vi[]\OT1/phv/m/n/10.95 , []\OT1/pcr/m/n/10.95 step[]slc[]envi[]vor[]\OT1/phv/m/
n/10.95 ,
 []


Underfull \hbox (badness 10000) in paragraph at lines 680--682
[][]\OT1/pcr/m/n/10.95 make[]slcs[]alos[]\OT1/phv/m/n/10.95 , []\OT1/pcr/m/n/10
.95 make[]slcs[]ers[]\OT1/phv/m/n/10.95 , []\OT1/pcr/m/n/10.95 make[]slcs[]ers[
]envi[]\OT1/phv/m/n/10.95 , []\OT1/pcr/m/n/10.95 make[]slcs[]envi[]vor[]\OT1/ph
v/m/n/10.95 ,
 []


Underfull \hbox (badness 10000) in paragraph at lines 701--702

 []

[10]
Underfull \hbox (badness 10000) in paragraph at lines 741--746

 []

[11] [12]
Underfull \hbox (badness 4316) in paragraph at lines 861--861
[]\OT1/phv/b/n/10 Tip: []\OT1/pcr/m/n/10 show[]porbits[] \OT1/phv/m/n/10 will l
et you ver-ify the re-sult of []\OT1/pcr/m/n/10 make[]orbits[] \OT1/phv/m/n/10 
by in-di-cat-ing NUM-
 []

[13]
Underfull \vbox (badness 10000) has occurred while \output is active []

 [14]
Underfull \vbox (badness 10000) has occurred while \output is active []

 [15]
Underfull \hbox (badness 10000) in paragraph at lines 976--978
[][]\OT1/pcr/m/n/10.95 make[]dems, make[]resample and make[]ifgs[] \OT1/phv/m/n
/10.95 pro-cess all slave di-rec-to-ries in
 []


Underfull \hbox (badness 1590) in paragraph at lines 985--998
[]\OT1/phv/m/n/10.95 The fol-low-ing in-di-vid-ual steps can be re-run in the i
n-di-vid-ual []\OT1/pcr/m/n/10.95 yyyymmdd[] \OT1/phv/m/n/10.95 sub-di-rec-to-r
ies of
 []


Underfull \hbox (badness 2057) in paragraph at lines 1032--1034
[][]\OT1/pcr/m/n/10.95 make[]clean[]ifgs [] \OT1/phv/m/n/10.95 To recre-ate the
 files deleted by this script, run []\OT1/pcr/m/n/10.95 make[]ifgs[] \OT1/phv/m
/n/10.95 in the
 []

[16] [17]
Chapter 4.

Underfull \vbox (badness 10000) has occurred while \output is active []

 [18

]
Underfull \hbox (badness 10000) in paragraph at lines 1105--1105
\OT1/phv/m/n/10 You can run $\OML/cmm/m/it/10 >>$[]\OT1/pcr/m/n/10 stamps[]mc[]
header([]start[]step[],[]end[]step[])[] \OT1/phv/m/n/10 just like con-ven-tiona
l
 []

LaTeX Font Info:    Font shape `OT1/phv/m/n' will be
(Font)              scaled to size 8.54997pt on input line 1131.
LaTeX Font Info:    Font shape `OT1/phv/bx/n' in size <9> not available
(Font)              Font shape `OT1/phv/b/n' tried instead on input line 1134.
LaTeX Font Info:    Font shape `OT1/phv/b/n' will be
(Font)              scaled to size 8.54997pt on input line 1134.
LaTeX Font Info:    Font shape `OT1/phv/m/it' in size <9> not available
(Font)              Font shape `OT1/phv/m/sl' tried instead on input line 1137.

LaTeX Font Info:    Font shape `OT1/phv/m/sl' will be
(Font)              scaled to size 8.54997pt on input line 1137.

Overfull \hbox (2.7849pt too wide) in paragraph at lines 1139--1139
[]|\OT1/pcr/m/n/9 `P-square'| 
 []


Underfull \vbox (badness 10000) has occurred while \output is active []

 [19]
Underfull \hbox (badness 10000) in paragraph at lines 1165--1166
[]|\OT1/phv/m/n/9 Interferograms listed here (by or-der num-ber given in
 []

[20]
Underfull \hbox (badness 10000) in paragraph at lines 1182--1183
[]|\OT1/phv/m/n/9 Interferograms listed here (by or-der num-ber given in
 []


Underfull \hbox (badness 1077) in paragraph at lines 1182--1183
\OML/cmm/m/it/9 >>$[]\OT1/pcr/m/n/9 ps[]info[]\OT1/phv/m/n/9 ) will not be in-c
luded in the weed-ing cal-cu-la-
 []

[21]
Underfull \hbox (badness 10000) in paragraph at lines 1237--1238
[]|\OT1/phv/m/n/9 Interferograms listed here (by or-der num-ber given in
 []


Underfull \hbox (badness 1418) in paragraph at lines 1248--1249
[]\OT1/phv/m/n/10.95 (This sub-trac-tion of SCLA and mas-ter AOE has not how-ev
er been im-ple-mented with the
 []


Underfull \vbox (badness 10000) has occurred while \output is active []

 [22]
Underfull \hbox (badness 10000) in paragraph at lines 1280--1281
[]|\OT1/phv/m/n/9 Interferograms listed here (by or-der num-ber given in
 []


Underfull \hbox (badness 10000) in paragraph at lines 1283--1284
[]|\OT1/phv/m/n/9 Interferograms listed here (by or-der num-ber given in
 []

[23]
Underfull \hbox (badness 10000) in paragraph at lines 1327--1327

 []


Underfull \hbox (badness 10000) in paragraph at lines 1327--1327

 []


Underfull \hbox (badness 10000) in paragraph at lines 1327--1327

 []


Underfull \hbox (badness 10000) in paragraph at lines 1351--1351

 []

[24]
Chapter 5.

Underfull \hbox (badness 4479) in paragraph at lines 1391--1397
[]\OT1/phv/m/n/10.95 To cre-ate the small base-line in-ter-fer-o-grams listed i
n \OT1/pcr/m/n/10.95 small[]baselines.list \OT1/phv/m/n/10.95 in the
 []


Underfull \vbox (badness 10000) has occurred while \output is active []

 [25

]
Overfull \hbox (0.62491pt too wide) in paragraph at lines 1437--1437
[]|\OT1/pcr/m/n/9 `3D[]QUICK'| 
 []


Underfull \hbox (badness 10000) in paragraph at lines 1451--1451
\OT1/phv/m/n/10 You can run $\OML/cmm/m/it/10 >>$[]\OT1/pcr/m/n/10 stamps[]mc[]
header([]start[]step[],[]end[]step[])[] \OT1/phv/m/n/10 just like con-ven-tiona
l
 []


Underfull \vbox (badness 10000) has occurred while \output is active []

 [26]
Underfull \hbox (badness 10000) in paragraph at lines 1455--1456

 []


Underfull \hbox (badness 10000) in paragraph at lines 1468--1469
[]|\OT1/phv/m/n/9 Interferograms listed here (by or-der num-ber given in
 []


Underfull \vbox (badness 10000) has occurred while \output is active []

 [27]
Underfull \hbox (badness 2189) in paragraph at lines 1518--1519
[]|\OT1/phv/m/n/9 SB In-ter-fer-o-grams listed here (by or-der num-ber given in

 []


Underfull \hbox (badness 10000) in paragraph at lines 1519--1520
[]|\OT1/phv/m/n/9 Interferograms listed here (by or-der num-ber given in
 []


Underfull \hbox (badness 2189) in paragraph at lines 1522--1523
[]|\OT1/phv/m/n/9 SB In-ter-fer-o-grams listed here (by or-der num-ber given in

 []


Underfull \vbox (badness 10000) has occurred while \output is active []

 [28]
[29]
Chapter 6.
[30

]
Chapter 7.

Underfull \hbox (badness 1748) in paragraph at lines 1595--1596
\OT1/phv/m/n/10.95 lim-its, ref-er-ence ifg, ifg list,
 []


Underfull \hbox (badness 2134) in paragraph at lines 1595--1596
\OT1/phv/m/n/10.95 color, lon-gi-tude and lat-i-tude
 []


Underfull \hbox (badness 1571) in paragraph at lines 1597--1598
\OT1/phv/m/n/10.95 lim-its, lon-gi-tude and lat-i-tude
 []

[31

]
Underfull \hbox (badness 2088) in paragraph at lines 1619--1626
$\OML/cmm/m/it/10.95 >>$[]\OT1/pcr/m/n/10.95 ps[]plot(`v-d',1,0,0,[[][]1:3,7:8[
][]],[][]`ts'[][])[] \OT1/phv/m/n/10.95 plots the mean LOS ve-loc-ity, cal-cu-l
ated
 []


Underfull \hbox (badness 10000) in paragraph at lines 1619--1626

 []


Underfull \hbox (badness 1755) in paragraph at lines 1619--1626
\OT1/phv/m/n/10.95 Initially, mouse in-put is ac-ti-vated to se-lect a point on
 the ve-loc-ity plot which is de-fined
 []


Underfull \hbox (badness 10000) in paragraph at lines 1619--1626

 []


Underfull \hbox (badness 10000) in paragraph at lines 1619--1626
[]\OT1/pcr/m/n/10.95 ps[]plot('v-d',1,0,0,[], 0, 0, 0,[], [28.6 28.9], [41.2 41
.27],'ts')[]
 []


Underfull \hbox (badness 10000) in paragraph at lines 1654--1654

 []

[32]
Chapter 8.
[33

] [34] [35]
Underfull \hbox (badness 1997) in paragraph at lines 1796--1797
[]\OT1/phv/m/n/10.95 New op-tion (and new de-fault for small base-lines) to re-
sam-ple to coarser sam-pling
 []


Underfull \hbox (badness 2253) in paragraph at lines 1796--1797
\OT1/phv/m/n/10.95 dur-ing merg-ing of patches (us-ing pa-ram-e-ter \OT1/pcr/m/
n/10.95 merge[]resample[]size \OT1/phv/m/n/10.95 and op-tion-ally
 []


Underfull \hbox (badness 10000) in paragraph at lines 1806--1807
[]\OT1/phv/m/n/10.95 Parameter added to con-trol amount of Gold-stein fil-ter-i
ng dur-ing un-wrap-ping
 []


Underfull \hbox (badness 10000) in paragraph at lines 1816--1817
[]\OT1/pcr/m/n/10.95 recalc[]index \OT1/phv/m/n/10.95 and \OT1/pcr/m/n/10.95 sb
[]recalc[]index \OT1/phv/m/n/10.95 re-placed by \OT1/pcr/m/n/10.95 scla[]drop[]
index \OT1/phv/m/n/10.95 and
 []

[36]
Underfull \hbox (badness 10000) in paragraph at lines 1822--1823
[]\OT1/phv/m/n/10.95 Plotting res-o-lu-tion changed to be con-trolled by \OT1/p
cr/m/n/10.95 plot[]scatter[]size \OT1/phv/m/n/10.95 and
 []

[37] (./StaMPS_Manual.bbl (./StaMPS_Manual.brf)
\tf@brf=\write6
\openout6 = `StaMPS_Manual.brf'.

 [38]
Missing character: There is no â in font phvro7t!
Missing character: There is no € in font phvro7t!
Missing character: There is no “ in font phvro7t!
 [39

])
Package atveryend Info: Empty hook `BeforeClearDocument' on input line 1882.
 [40]
Package atveryend Info: Empty hook `AfterLastShipout' on input line 1882.

(./StaMPS_Manual.aux

Package natbib Warning: Citation(s) may have changed.
(natbib)                Rerun to get citations correct.

)
Package atveryend Info: Executing hook `AtVeryEndDocument' on input line 1882.
Package atveryend Info: Executing hook `AtEndAfterFileList' on input line 1882.

Package rerunfilecheck Info: File `StaMPS_Manual.out' has not changed.
(rerunfilecheck)             Checksum: 9E9EDAC1141509571481F3C3A477AE59;4522.
Package rerunfilecheck Info: File `StaMPS_Manual.brf' has not changed.
(rerunfilecheck)             Checksum: 5A8B1EC610C87E76B4F62368A5CFC354;1030.
Package atveryend Info: Empty hook `AtVeryVeryEnd' on input line 1882.
 ) 
Here is how much of TeX's memory you used:
 9824 strings out of 492995
 140224 string characters out of 6132705
 267703 words of memory out of 5000000
 13047 multiletter control sequences out of 15000+600000
 37370 words of font info for 88 fonts, out of 8000000 for 9000
 1141 hyphenation exceptions out of 8191
 33i,11n,58p,1200b,459s stack positions out of 5000i,500n,10000p,200000b,80000s
{/usr/local/texlive/2017/texmf-dist/fonts/enc/dvips/base/8r.enc}</usr/local/t
exlive/2017/texmf-dist/fonts/type1/public/amsfonts/cm/cmmi10.pfb></usr/local/te
xlive/2017/texmf-dist/fonts/type1/public/amsfonts/cm/cmmi8.pfb></usr/local/texl
ive/2017/texmf-dist/fonts/type1/public/amsfonts/cm/cmmi9.pfb></usr/local/texliv
e/2017/texmf-dist/fonts/type1/public/amsfonts/cm/cmr10.pfb></usr/local/texlive/
2017/texmf-dist/fonts/type1/public/amsfonts/cm/cmr6.pfb></usr/local/texlive/201
7/texmf-dist/fonts/type1/public/amsfonts/cm/cmr8.pfb></usr/local/texlive/2017/t
exmf-dist/fonts/type1/public/amsfonts/cm/cmsy10.pfb></usr/local/texlive/2017/te
xmf-dist/fonts/type1/urw/courier/ucrr8a.pfb></usr/local/texlive/2017/texmf-dist
/fonts/type1/urw/helvetic/uhvb8a.pfb></usr/local/texlive/2017/texmf-dist/fonts/
type1/urw/helvetic/uhvr8a.pfb></usr/local/texlive/2017/texmf-dist/fonts/type1/u
rw/helvetic/uhvro8a.pfb>
Output written on StaMPS_Manual.pdf (43 pages, 1601544 bytes).
PDF statistics:
 728 PDF objects out of 1000 (max. 8388607)
 662 compressed objects within 7 object streams
 132 named destinations out of 1000 (max. 500000)
 539 words of extra memory for PDF output out of 10000 (max. 10000000)

