\BOOKMARK [0][-]{chapter.1}{Introduction}{}% 1
\BOOKMARK [1][-]{section.1.1}{Development History}{chapter.1}% 2
\BOOKMARK [2][-]{subsection.1.1.1}{Contributors}{section.1.1}% 3
\BOOKMARK [1][-]{section.1.2}{Processing Overview}{chapter.1}% 4
\BOOKMARK [2][-]{subsection.1.2.1}{Pre-processing}{section.1.2}% 5
\BOOKMARK [2][-]{subsection.1.2.2}{StaMPS PS/MTI}{section.1.2}% 6
\BOOKMARK [0][-]{chapter.2}{Installation}{}% 7
\BOOKMARK [1][-]{section.2.1}{Configuration}{chapter.2}% 8
\BOOKMARK [1][-]{section.2.2}{Required packages}{chapter.2}% 9
\BOOKMARK [2][-]{subsection.2.2.1}{Snaphu}{section.2.2}% 10
\BOOKMARK [1][-]{section.2.3}{Optional packages}{chapter.2}% 11
\BOOKMARK [2][-]{subsection.2.3.1}{Triangle}{section.2.3}% 12
\BOOKMARK [2][-]{subsection.2.3.2}{TRAIN}{section.2.3}% 13
\BOOKMARK [1][-]{section.2.4}{InSAR processor packages}{chapter.2}% 14
\BOOKMARK [2][-]{subsection.2.4.1}{ISCE}{section.2.4}% 15
\BOOKMARK [2][-]{subsection.2.4.2}{SNAP}{section.2.4}% 16
\BOOKMARK [2][-]{subsection.2.4.3}{Gamma}{section.2.4}% 17
\BOOKMARK [2][-]{subsection.2.4.4}{ROI\137PAC}{section.2.4}% 18
\BOOKMARK [3][-]{subsubsection.2.4.4.1}{Data display}{subsection.2.4.4}% 19
\BOOKMARK [2][-]{subsection.2.4.5}{Doris}{section.2.4}% 20
\BOOKMARK [0][-]{chapter.3}{Pre-processing }{}% 21
\BOOKMARK [1][-]{section.3.1}{Pre-processing with ISCE}{chapter.3}% 22
\BOOKMARK [1][-]{section.3.2}{Pre-processing with SNAP}{chapter.3}% 23
\BOOKMARK [1][-]{section.3.3}{Pre-processing with Gamma}{chapter.3}% 24
\BOOKMARK [2][-]{subsection.3.3.1}{PS processing}{section.3.3}% 25
\BOOKMARK [2][-]{subsection.3.3.2}{Small Baseline Processing}{section.3.3}% 26
\BOOKMARK [1][-]{section.3.4}{Pre-processing with ROI\137PAC and DORIS}{chapter.3}% 27
\BOOKMARK [2][-]{subsection.3.4.1}{Create SLCs from Raw \(using ROI\137PAC\)}{section.3.4}% 28
\BOOKMARK [2][-]{subsection.3.4.2}{Reading/cropping SLCs from Level 1 products}{section.3.4}% 29
\BOOKMARK [3][-]{subsubsection.3.4.2.1}{ Option 1: Specify by latitude and longitude}{subsection.3.4.2}% 30
\BOOKMARK [3][-]{subsubsection.3.4.2.2}{Option 2: Specify by line/pixel number}{subsection.3.4.2}% 31
\BOOKMARK [2][-]{subsection.3.4.3}{ Oversampling SLC data \(Optional\)}{section.3.4}% 32
\BOOKMARK [2][-]{subsection.3.4.4}{ Create IFGs \(using DORIS\)}{section.3.4}% 33
\BOOKMARK [3][-]{subsubsection.3.4.4.1}{Bulk Processing}{subsection.3.4.4}% 34
\BOOKMARK [3][-]{subsubsection.3.4.4.2}{Manual DEM offset correction}{subsection.3.4.4}% 35
\BOOKMARK [3][-]{subsubsection.3.4.4.3}{Re-running Steps}{subsection.3.4.4}% 36
\BOOKMARK [3][-]{subsubsection.3.4.4.4}{Possible reasons for Doris SIGERV error}{subsection.3.4.4}% 37
\BOOKMARK [3][-]{subsubsection.3.4.4.5}{Disk Space}{subsection.3.4.4}% 38
\BOOKMARK [0][-]{chapter.4}{PS Processing}{}% 39
\BOOKMARK [1][-]{section.4.1}{Step 1: Load data}{chapter.4}% 40
\BOOKMARK [1][-]{section.4.2}{Step 2: Estimate phase noise}{chapter.4}% 41
\BOOKMARK [1][-]{section.4.3}{Step 3: PS selection}{chapter.4}% 42
\BOOKMARK [1][-]{section.4.4}{Step 4: PS weeding}{chapter.4}% 43
\BOOKMARK [1][-]{section.4.5}{Step 5: Phase correction}{chapter.4}% 44
\BOOKMARK [1][-]{section.4.6}{Step 6: Phase unwrapping}{chapter.4}% 45
\BOOKMARK [1][-]{section.4.7}{Step 7: Estimate spatially-correlated look angle error}{chapter.4}% 46
\BOOKMARK [1][-]{section.4.8}{Step 8: Atmospheric filtering}{chapter.4}% 47
\BOOKMARK [0][-]{chapter.5}{Small Baseline Processing}{}% 48
\BOOKMARK [1][-]{section.5.1}{Step 1-5}{chapter.5}% 49
\BOOKMARK [1][-]{section.5.2}{Step 6: Phase unwrapping}{chapter.5}% 50
\BOOKMARK [1][-]{section.5.3}{Step 7: Estimate spatially-correlated look angle error}{chapter.5}% 51
\BOOKMARK [0][-]{chapter.6}{Combined MTI Processing}{}% 52
\BOOKMARK [0][-]{chapter.7}{Plotting}{}% 53
\BOOKMARK [0][-]{chapter.8}{Change History}{}% 54
\BOOKMARK [1][-]{section.8.1}{Version 1.0 }{chapter.8}% 55
\BOOKMARK [2][-]{subsection.8.1.1}{Version 1.1}{section.8.1}% 56
\BOOKMARK [1][-]{section.8.2}{Version 2.0}{chapter.8}% 57
\BOOKMARK [2][-]{subsection.8.2.1}{Version 2.0.1}{section.8.2}% 58
\BOOKMARK [2][-]{subsection.8.2.2}{Version 2.0.2}{section.8.2}% 59
\BOOKMARK [2][-]{subsection.8.2.3}{Version 2.0.3}{section.8.2}% 60
\BOOKMARK [1][-]{section.8.3}{Version 2.1}{chapter.8}% 61
\BOOKMARK [1][-]{section.8.4}{Version 2.2}{chapter.8}% 62
\BOOKMARK [1][-]{section.8.5}{Version 3.0}{chapter.8}% 63
\BOOKMARK [1][-]{section.8.6}{Version 3.1}{chapter.8}% 64
\BOOKMARK [1][-]{section.8.7}{Version 3.2}{chapter.8}% 65
\BOOKMARK [1][-]{section.8.8}{Version 3.3}{chapter.8}% 66
\BOOKMARK [1][-]{section.8.9}{Version 4.0}{chapter.8}% 67
\BOOKMARK [1][-]{section.8.10}{Version 4.1}{chapter.8}% 68
